android.ndkVersion to [21.4.7075529] in all native modules in the project. https://developer.android.com/r/studio-ui/ndk-dir

> Task :openpgp-api:preBuild UP-TO-DATE
> Task :openpgp-api:preReleaseBuild UP-TO-DATE
> Task :openpgp-api:mergeReleaseJniLibFolders
> Task :openpgp-api:mergeReleaseNativeLibs NO-SOURCE
> Task :openpgp-api:copyReleaseJniLibsProjectOnly
> Task :TMessagesProj:objectboxPrepareBuild
> Task :TMessagesProj:preBuild
> Task :TMessagesProj:preReleaseBuild

> Task :TMessagesProj:configureCMakeRelWithDebInfo[armeabi-v7a]
Checking the license for package CMake 3.22.1 in /usr/local/lib/android/sdk/licenses
License for package CMake 3.22.1 accepted.
Preparing "Install CMake 3.22.1 v.3.22.1".
"Install CMake 3.22.1 v.3.22.1" ready.
Installing CMake 3.22.1 in /usr/local/lib/android/sdk/cmake/3.22.1
"Install CMake 3.22.1 v.3.22.1" complete.
"Install CMake 3.22.1 v.3.22.1" finished.
C/C++: CMake Warning (dev) in CMakeLists.txt:
C/C++:   No project() command is present.  The top-level CMakeLists.txt file must
C/C++:   contain a literal, direct call to the project() command.  Add a line of
C/C++:   code such as
C/C++:     project(ProjectName)
C/C++:   near the top of the file, but after cmake_minimum_required().
C/C++:   CMake is pretending there is a "project(Project)" command on the first
C/C++:   line.
C/C++: This warning is for project developers.  Use -Wno-dev to suppress it.

> Task :TMessagesProj:buildCMakeRelWithDebInfo[armeabi-v7a]
C/C++: ninja: Entering directory `/home/runner/work/Nagram/Nagram/TMessagesProj/.cxx/RelWithDebInfo/6l161g38/armeabi-v7a'
C/C++: /home/runner/work/Nagram/Nagram/TMessagesProj/jni/tgnet/Connection.cpp:216:93: warning: '&&' within '||' [-Wlogical-op-parentheses]
C/C++:         if (currentProtocolType != ProtocolTypeDD && currentProtocolType != ProtocolTypeTLS && currentPacketLength % 4 != 0 || currentPacketLength > 2 * 1024 * 1024) {
C/C++:             ~~~~~~~~~~~~~~~~~~~~~~~~~~~~~~~~~~~~~~~~~~~~~~~~~~~~~~~~~~~~~~~~~~~~~~~~~~~~~~~~^~~~~~~~~~~~~~~~~~~~~~~~~~~~~~~ ~~
C/C++: /home/runner/work/Nagram/Nagram/TMessagesProj/jni/tgnet/Connection.cpp:216:93: note: place parentheses around the '&&' expression to silence this warning
C/C++:         if (currentProtocolType != ProtocolTypeDD && currentProtocolType != ProtocolTypeTLS && currentPacketLength % 4 != 0 || currentPacketLength > 2 * 1024 * 1024) {
C/C++:                                                                                             ^
C/C++:             (                                                                                                              )
C/C++: /home/runner/work/Nagram/Nagram/TMessagesProj/jni/tgnet/Connection.cpp:530:223: warning: '&&' within '||' [-Wlogical-op-parentheses]
C/C++:             if (currentProtocolType == ProtocolTypeTLS || bytes[0] != 0xef && val != 0x44414548 && val != 0x54534f50 && val != 0x20544547 && val != 0x4954504f && val != 0xeeeeeeee && val != 0xdddddddd && val != 0x02010316 && val2 != 0x00000000) {
C/C++:                                                        ~~ ~~~~~~~~~~~~~~~~~~~~~~~~~~~~~~~~~~~~~~~~~~~~~~~~~~~~~~~~~~~~~~~~~~~~~~~~~~~~~~~~~~~~~~~~~~~~~~~~~~~~~~~~~~~~~~~~~~~~~~~~~~~~~~~~~~~~~~~~~~~~~~~~~~~~~~~~~~~~~~~~~~~~^~~~~~~~~~~~~~~~~~~~~
C/C++: /home/runner/work/Nagram/Nagram/TMessagesProj/jni/tgnet/Connection.cpp:530:223: note: place parentheses around the '&&' expression to silence this warning
C/C++:             if (currentProtocolType == ProtocolTypeTLS || bytes[0] != 0xef && val != 0x44414548 && val != 0x54534f50 && val != 0x20544547 && val != 0x4954504f && val != 0xeeeeeeee && val != 0xdddddddd && val != 0x02010316 && val2 != 0x00000000) {
C/C++:                                                                                                                                                                                                                               ^
C/C++:                                                           (                                                                                                                                                                                        )
C/C++: /home/runner/work/Nagram/Nagram/TMessagesProj/jni/tgnet/Connection.cpp:663:57: warning: '&&' within '||' [-Wlogical-op-parentheses]
C/C++:     bool switchToNextPort = reason == 2 && wasConnected && (!hasSomeDataSinceLastConnect || currentDatacenter->isCustomPort(currentAddressFlags)) || forceNextPort;
C/C++:                             ~~~~~~~~~~~~~~~~~~~~~~~~~~~~^~~~~~~~~~~~~~~~~~~~~~~~~~~~~~~~~~~~~~~~~~~~~~~~~~~~~~~~~~~~~~~~~~~~~~~~~~~~~~~~~~~~~~~~~ ~~
C/C++: /home/runner/work/Nagram/Nagram/TMessagesProj/jni/tgnet/Connection.cpp:663:57: note: place parentheses around the '&&' expression to silence this warning
C/C++:     bool switchToNextPort = reason == 2 && wasConnected && (!hasSomeDataSinceLastConnect || currentDatacenter->isCustomPort(currentAddressFlags)) || forceNextPort;
C/C++:                                                         ^
C/C++:                             (                                                                                                                    )
C/C++: /home/runner/work/Nagram/Nagram/TMessagesProj/jni/tgnet/Connection.cpp:718:62: warning: '&&' within '||' [-Wlogical-op-parentheses]
C/C++:             if (connectionType == ConnectionTypeGenericMedia && currentDatacenter->isHandshaking(true) || connectionType == ConnectionTypeGeneric && (currentDatacenter->isHandshaking(false) || datacenterId == ConnectionsManager::getInstance(currentDatacenter->instanceNum).currentDatacenterId || datacenterId == ConnectionsManager::getInstance(currentDatacenter->instanceNum).movingToDatacenterId)) {
C/C++:                 ~~~~~~~~~~~~~~~~~~~~~~~~~~~~~~~~~~~~~~~~~~~~~^~~~~~~~~~~~~~~~~~~~~~~~~~~~~~~~~~~~~~~~~ ~~
C/C++: /home/runner/work/Nagram/Nagram/TMessagesProj/jni/tgnet/Connection.cpp:718:62: note: place parentheses around the '&&' expression to silence this warning
C/C++:             if (connectionType == ConnectionTypeGenericMedia && currentDatacenter->isHandshaking(true) || connectionType == ConnectionTypeGeneric && (currentDatacenter->isHandshaking(false) || datacenterId == ConnectionsManager::getInstance(currentDatacenter->instanceNum).currentDatacenterId || datacenterId == ConnectionsManager::getInstance(currentDatacenter->instanceNum).movingToDatacenterId)) {
C/C++:                                                              ^
C/C++:                 (                                                                                     )
C/C++: /home/runner/work/Nagram/Nagram/TMessagesProj/jni/tgnet/Connection.cpp:718:147: warning: '&&' within '||' [-Wlogical-op-parentheses]
C/C++:             if (connectionType == ConnectionTypeGenericMedia && currentDatacenter->isHandshaking(true) || connectionType == ConnectionTypeGeneric && (currentDatacenter->isHandshaking(false) || datacenterId == ConnectionsManager::getInstance(currentDatacenter->instanceNum).currentDatacenterId || datacenterId == ConnectionsManager::getInstance(currentDatacenter->instanceNum).movingToDatacenterId)) {
C/C++:                                                                                                        ~~ ~~~~~~~~~~~~~~~~~~~~~~~~~~~~~~~~~~~~~~~~^~~~~~~~~~~~~~~~~~~~~~~~~~~~~~~~~~~~~~~~~~~~~~~~~~~~~~~~~~~~~~~~~~~~~~~~~~~~~~~~~~~~~~~~~~~~~~~~~~~~~~~~~~~~~~~~~~~~~~~~~~~~~~~~~~~~~~~~~~~~~~~~~~~~~~~~~~~~~~~~~~~~~~~~~~~~~~~~~~~~~~~~~~~~~~~~~~~~~~~~~~~~~~~~~~~~~~~~~~~~~~~~~~~~~~~~~~~~~~~~~~~~~~~~~~~
C/C++: /home/runner/work/Nagram/Nagram/TMessagesProj/jni/tgnet/Connection.cpp:718:147: note: place parentheses around the '&&' expression to silence this warning
C/C++:             if (connectionType == ConnectionTypeGenericMedia && currentDatacenter->isHandshaking(true) || connectionType == ConnectionTypeGeneric && (currentDatacenter->isHandshaking(false) || datacenterId == ConnectionsManager::getInstance(currentDatacenter->instanceNum).currentDatacenterId || datacenterId == ConnectionsManager::getInstance(currentDatacenter->instanceNum).movingToDatacenterId)) {
C/C++:                                                                                                                                                   ^
C/C++:                                                                                                           (                                                                                                                                                                                                                                                                                                  )
C/C++: 5 warnings generated.
C/C++: /home/runner/work/Nagram/Nagram/TMessagesProj/jni/tgnet/ConnectionSocket.cpp:1195:29: warning: '&&' within '||' [-Wlogical-op-parentheses]
C/C++:     if (proxyAuthState == 0 && (outgoingByteStream->hasData() || !onConnectedSent) || proxyAuthState == 1 || proxyAuthState == 3 || proxyAuthState == 5 || proxyAuthState == 10) {
C/C++:         ~~~~~~~~~~~~~~~~~~~~^~~~~~~~~~~~~~~~~~~~~~~~~~~~~~~~~~~~~~~~~~~~~~~~~~~~~~ ~~
C/C++: /home/runner/work/Nagram/Nagram/TMessagesProj/jni/tgnet/ConnectionSocket.cpp:1195:29: note: place parentheses around the '&&' expression to silence this warning
C/C++:     if (proxyAuthState == 0 && (outgoingByteStream->hasData() || !onConnectedSent) || proxyAuthState == 1 || proxyAuthState == 3 || proxyAuthState == 5 || proxyAuthState == 10) {
C/C++:                             ^
C/C++:         (                                                                         )
C/C++: 1 warning generated.
C/C++: /home/runner/work/Nagram/Nagram/TMessagesProj/jni/tgnet/NativeByteBuffer.cpp:17:12: warning: unused variable 'buffersCount' [-Wunused-variable]
C/C++: static int buffersCount = 0;
C/C++:            ^
C/C++: 1 warning generated.
C/C++: /home/runner/work/Nagram/Nagram/TMessagesProj/jni/tgnet/Request.cpp:82:19: warning: '&&' within '||' [-Wlogical-op-parentheses]
C/C++:     return !media && datacenter->lastInitVersion != currentVersion || media && datacenter->lastInitMediaVersion != currentVersion;
C/C++:            ~~~~~~~^~~~~~~~~~~~~~~~~~~~~~~~~~~~~~~~~~~~~~~~~~~~~~~~ ~~
C/C++: /home/runner/work/Nagram/Nagram/TMessagesProj/jni/tgnet/Request.cpp:82:19: note: place parentheses around the '&&' expression to silence this warning
C/C++:     return !media && datacenter->lastInitVersion != currentVersion || media && datacenter->lastInitMediaVersion != currentVersion;
C/C++:                   ^
C/C++:            (                                                      )
C/C++: /home/runner/work/Nagram/Nagram/TMessagesProj/jni/tgnet/Request.cpp:82:77: warning: '&&' within '||' [-Wlogical-op-parentheses]
C/C++:     return !media && datacenter->lastInitVersion != currentVersion || media && datacenter->lastInitMediaVersion != currentVersion;
C/C++:                                                                    ~~ ~~~~~~^~~~~~~~~~~~~~~~~~~~~~~~~~~~~~~~~~~~~~~~~~~~~~~~~~~~~
C/C++: /home/runner/work/Nagram/Nagram/TMessagesProj/jni/tgnet/Request.cpp:82:77: note: place parentheses around the '&&' expression to silence this warning
C/C++:     return !media && datacenter->lastInitVersion != currentVersion || media && datacenter->lastInitMediaVersion != currentVersion;
C/C++:                                                                             ^
C/C++:                                                                       (                                                          )
C/C++: 2 warnings generated.
C/C++: /home/runner/work/Nagram/Nagram/TMessagesProj/jni/tgnet/Datacenter.cpp:199:62: warning: '&&' within '||' [-Wlogical-op-parentheses]
C/C++:     if (flags == 0 && (authKeyPerm == nullptr || PFS_ENABLED && authKeyTemp == nullptr) && !addressesIpv4Temp.empty()) {
C/C++:                                               ~~ ~~~~~~~~~~~~^~~~~~~~~~~~~~~~~~~~~~~~~
C/C++: /home/runner/work/Nagram/Nagram/TMessagesProj/jni/tgnet/Datacenter.cpp:199:62: note: place parentheses around the '&&' expression to silence this warning
C/C++:     if (flags == 0 && (authKeyPerm == nullptr || PFS_ENABLED && authKeyTemp == nullptr) && !addressesIpv4Temp.empty()) {
C/C++:                                                  ~~~~~~~~~~~~^~~~~~~~~~~~~~~~~~~~~~~~~
C/C++: /home/runner/work/Nagram/Nagram/TMessagesProj/jni/tgnet/Datacenter.cpp:257:62: warning: '&&' within '||' [-Wlogical-op-parentheses]
C/C++:     if (flags == 0 && (authKeyPerm == nullptr || PFS_ENABLED && authKeyTemp == nullptr) && !addressesIpv4Temp.empty()) {
C/C++:                                               ~~ ~~~~~~~~~~~~^~~~~~~~~~~~~~~~~~~~~~~~~
C/C++: /home/runner/work/Nagram/Nagram/TMessagesProj/jni/tgnet/Datacenter.cpp:257:62: note: place parentheses around the '&&' expression to silence this warning
C/C++:     if (flags == 0 && (authKeyPerm == nullptr || PFS_ENABLED && authKeyTemp == nullptr) && !addressesIpv4Temp.empty()) {
C/C++:                                                  ~~~~~~~~~~~~^~~~~~~~~~~~~~~~~~~~~~~~~
C/C++: /home/runner/work/Nagram/Nagram/TMessagesProj/jni/tgnet/Datacenter.cpp:377:62: warning: '&&' within '||' [-Wlogical-op-parentheses]
C/C++:     if (flags == 0 && (authKeyPerm == nullptr || PFS_ENABLED && authKeyTemp == nullptr) && !addressesIpv4Temp.empty()) {
C/C++:                                               ~~ ~~~~~~~~~~~~^~~~~~~~~~~~~~~~~~~~~~~~~
C/C++: /home/runner/work/Nagram/Nagram/TMessagesProj/jni/tgnet/Datacenter.cpp:377:62: note: place parentheses around the '&&' expression to silence this warning
C/C++:     if (flags == 0 && (authKeyPerm == nullptr || PFS_ENABLED && authKeyTemp == nullptr) && !addressesIpv4Temp.empty()) {
C/C++:                                                  ~~~~~~~~~~~~^~~~~~~~~~~~~~~~~~~~~~~~~
C/C++: /home/runner/work/Nagram/Nagram/TMessagesProj/jni/tgnet/Datacenter.cpp:446:62: warning: '&&' within '||' [-Wlogical-op-parentheses]
C/C++:     if (flags == 0 && (authKeyPerm == nullptr || PFS_ENABLED && authKeyTemp == nullptr) && !addressesIpv4Temp.empty()) {
C/C++:                                               ~~ ~~~~~~~~~~~~^~~~~~~~~~~~~~~~~~~~~~~~~
C/C++: /home/runner/work/Nagram/Nagram/TMessagesProj/jni/tgnet/Datacenter.cpp:446:62: note: place parentheses around the '&&' expression to silence this warning
C/C++:     if (flags == 0 && (authKeyPerm == nullptr || PFS_ENABLED && authKeyTemp == nullptr) && !addressesIpv4Temp.empty()) {
C/C++:                                                  ~~~~~~~~~~~~^~~~~~~~~~~~~~~~~~~~~~~~~
C/C++: 4 warnings generated.
C/C++: /home/runner/work/Nagram/Nagram/TMessagesProj/jni/rlottie/src/lottie/lottiemodel.cpp:211:73: warning: '&&' within '||' [-Wlogical-op-parentheses]
C/C++:     if (opacityArraySize % 2 != 0 || colorPoints > opacityArraySize / 2 && opacityArraySize < 4) {
C/C++:                                   ~~ ~~~~~~~~~~~~~~~~~~~~~~~~~~~~~~~~~~~^~~~~~~~~~~~~~~~~~~~~~~
C/C++: /home/runner/work/Nagram/Nagram/TMessagesProj/jni/rlottie/src/lottie/lottiemodel.cpp:211:73: note: place parentheses around the '&&' expression to silence this warning
C/C++:     if (opacityArraySize % 2 != 0 || colorPoints > opacityArraySize / 2 && opacityArraySize < 4) {
C/C++:                                                                         ^
C/C++:                                      (                                                         )
C/C++: 1 warning generated.
C/C++: In file included from /home/runner/work/Nagram/Nagram/TMessagesProj/jni/rlottie/src/vector/vraster.cpp:22:
C/C++: In file included from /home/runner/work/Nagram/Nagram/TMessagesProj/jni/./tgnet/FileLog.h:12:
C/C++: /home/runner/work/Nagram/Nagram/TMessagesProj/jni/./tgnet/Defines.h:142:16: warning: 'ConnectiosManagerDelegate' has virtual functions but non-virtual destructor [-Wnon-virtual-dtor]
C/C++: typedef struct ConnectiosManagerDelegate {
C/C++:                ^
C/C++: /home/runner/work/Nagram/Nagram/TMessagesProj/jni/./tgnet/Defines.h:161:16: warning: 'HandshakeDelegate' has virtual functions but non-virtual destructor [-Wnon-virtual-dtor]
C/C++: typedef struct HandshakeDelegate {
C/C++:                ^
C/C++: 2 warnings generated.
C/C++: /home/runner/work/Nagram/Nagram/TMessagesProj/jni/tgnet/ConnectionsManager.cpp:996:215: warning: format specifies type 'unsigned long long' but the argument has type 'long' [-Wformat]
C/C++:                 if (LOGS_ENABLED) DEBUG_D("connection(%p, account%u, dc%u, type %d) received unparsed packet on 0x%" PRIx64, connection, instanceNum, datacenter->getDatacenterId(), connection->getConnectionType(), req_msg_id);
C/C++:                                                                                                                   ~~~~~~~~~                                                                                           ^~~~~~~~~~
C/C++: /home/runner/work/Nagram/Nagram/TMessagesProj/jni/tgnet/ConnectionsManager.cpp:1002:214: warning: format specifies type 'unsigned long long' but the argument has type 'long' [-Wformat]
C/C++:             if (LOGS_ENABLED) DEBUG_D("connection(%p, account%u, dc%u, type %d) received unprocessed packet on 0x%" PRIx64, connection, instanceNum, datacenter->getDatacenterId(), connection->getConnectionType(), req_msg_id);
C/C++:                                                                                                                  ~~~~~~~~~                                                                                           ^~~~~~~~~~
C/C++: /home/runner/work/Nagram/Nagram/TMessagesProj/jni/tgnet/ConnectionsManager.cpp:1737:221: warning: format specifies type 'unsigned int' but the argument has type 'int64_t' (aka 'long long') [-Wformat]
C/C++:             if (LOGS_ENABLED) DEBUG_D("connection(%p, account%u, dc%u, type %d) received unparsed from gzip object on %0x" PRIx64, connection, instanceNum, datacenter->getDatacenterId(), connection->getConnectionType(), messageId);
C/C++:                                                                                                                       ~~~                                                                                                   ^~~~~~~~~
C/C++:                                                                                                                       %0llx
C/C++: /home/runner/work/Nagram/Nagram/TMessagesProj/jni/tgnet/ConnectionsManager.cpp:1954:101: warning: expression with side effects will be evaluated despite being used as an operand to 'typeid' [-Wpotentially-evaluated-expression]
C/C++:         if (LOGS_ENABLED) DEBUG_D("send request wrapped %p - %s", request->rpcRequest.get(), typeid(*(request->rpcRequest.get())).name());
C/C++:                                                                                                     ^
C/C++: /home/runner/work/Nagram/Nagram/TMessagesProj/jni/tgnet/ConnectionsManager.cpp:2208:5: warning: control may reach end of non-void lambda [-Wreturn-type]
C/C++:     });
C/C++:     ^
C/C++: /home/runner/work/Nagram/Nagram/TMessagesProj/jni/tgnet/ConnectionsManager.cpp:3055:155: warning: expression with side effects will be evaluated despite being used as an operand to 'typeid' [-Wpotentially-evaluated-expression]
C/C++:                             if (LOGS_ENABLED) DEBUG_D("wrap body(%p, %s) to TL_invokeAfterMsg, token = %d, after 0x%" PRIx64, message->body.get(), typeid(*(message->body.get())).name(), networkMessage->requestId, request->msg_id);
C/C++:                                                                                                                                                           ^
C/C++: /home/runner/work/Nagram/Nagram/TMessagesProj/jni/tgnet/ConnectionsManager.cpp:3248:17: warning: unused variable 'is_inited' [-Wunused-variable]
C/C++:     static bool is_inited = []() {
C/C++:                 ^
C/C++: /home/runner/work/Nagram/Nagram/TMessagesProj/jni/tgnet/ConnectionsManager.cpp:3280:43: warning: array subscript is of type 'char' [-Wchar-subscripts]
C/C++:             auto value = url_char_to_value[base64.c_str()[i++]];
C/C++:                                           ^~~~~~~~~~~~~~~~~~~~
C/C++: 8 warnings generated.
C/C++: In file included from /home/runner/work/Nagram/Nagram/TMessagesProj/jni/rlottie/src/lottie/lottieparser.cpp:58:
C/C++: In file included from /home/runner/work/Nagram/Nagram/TMessagesProj/jni/./tgnet/FileLog.h:12:
C/C++: /home/runner/work/Nagram/Nagram/TMessagesProj/jni/./tgnet/Defines.h:142:16: warning: 'ConnectiosManagerDelegate' has virtual functions but non-virtual destructor [-Wnon-virtual-dtor]
C/C++: typedef struct ConnectiosManagerDelegate {
C/C++:                ^
C/C++: /home/runner/work/Nagram/Nagram/TMessagesProj/jni/./tgnet/Defines.h:161:16: warning: 'HandshakeDelegate' has virtual functions but non-virtual destructor [-Wnon-virtual-dtor]
C/C++: typedef struct HandshakeDelegate {
C/C++:                ^
C/C++: /home/runner/work/Nagram/Nagram/TMessagesProj/jni/rlottie/src/lottie/lottieparser.cpp:186:60: warning: field 'colorMap' will be initialized after field 'mFitzModifier' [-Wreorder]
C/C++:         : LookaheadParserHandler(str), mDirPath(dir_path), colorMap(colorReplacement), mFitzModifier(fitzModifier)
C/C++:                                                            ^
C/C++: 3 warnings generated.
C/C++: In file included from /home/runner/work/Nagram/Nagram/TMessagesProj/jni/voip/libtgvoip/BlockingQueue.cpp:7:
C/C++: In file included from /home/runner/work/Nagram/Nagram/TMessagesProj/jni/voip/libtgvoip/BlockingQueue.h:12:
C/C++: /home/runner/work/Nagram/Nagram/TMessagesProj/jni/voip/libtgvoip/threading.h:110:8: warning: private field 'maxPriority' is not used [-Wunused-private-field]
C/C++:                 bool maxPriority=false;
C/C++:                      ^
C/C++: 1 warning generated.
C/C++: In file included from /home/runner/work/Nagram/Nagram/TMessagesProj/jni/voip/libtgvoip/logging.cpp:12:
C/C++: In file included from /home/runner/work/Nagram/Nagram/TMessagesProj/jni/voip/libtgvoip/VoIPController.h:24:
C/C++: In file included from /home/runner/work/Nagram/Nagram/TMessagesProj/jni/voip/libtgvoip/video/VideoSource.h:12:
C/C++: In file included from /home/runner/work/Nagram/Nagram/TMessagesProj/jni/voip/libtgvoip/Buffers.h:19:
C/C++: /home/runner/work/Nagram/Nagram/TMessagesProj/jni/voip/libtgvoip/threading.h:110:8: warning: private field 'maxPriority' is not used [-Wunused-private-field]
C/C++:                 bool maxPriority=false;
C/C++:                      ^
C/C++: 1 warning generated.
C/C++: In file included from /home/runner/work/Nagram/Nagram/TMessagesProj/jni/voip/libtgvoip/Buffers.cpp:7:
C/C++: In file included from /home/runner/work/Nagram/Nagram/TMessagesProj/jni/voip/libtgvoip/Buffers.h:19:
C/C++: /home/runner/work/Nagram/Nagram/TMessagesProj/jni/voip/libtgvoip/threading.h:110:8: warning: private field 'maxPriority' is not used [-Wunused-private-field]
C/C++:                 bool maxPriority=false;
C/C++:                      ^
C/C++: 1 warning generated.
C/C++: In file included from /home/runner/work/Nagram/Nagram/TMessagesProj/jni/voip/libtgvoip/audio/AudioInput.cpp:7:
C/C++: In file included from /home/runner/work/Nagram/Nagram/TMessagesProj/jni/voip/libtgvoip/audio/../os/android/../../audio/AudioInput.h:13:
C/C++: In file included from /home/runner/work/Nagram/Nagram/TMessagesProj/jni/voip/libtgvoip/audio/../MediaStreamItf.h:14:
C/C++: /home/runner/work/Nagram/Nagram/TMessagesProj/jni/voip/libtgvoip/audio/../os/android/../../threading.h:110:8: warning: private field 'maxPriority' is not used [-Wunused-private-field]
C/C++:                 bool maxPriority=false;
C/C++:                      ^
C/C++: 1 warning generated.
C/C++: In file included from /home/runner/work/Nagram/Nagram/TMessagesProj/jni/voip/libtgvoip/MediaStreamItf.cpp:8:
C/C++: In file included from /home/runner/work/Nagram/Nagram/TMessagesProj/jni/voip/libtgvoip/MediaStreamItf.h:14:
C/C++: /home/runner/work/Nagram/Nagram/TMessagesProj/jni/voip/libtgvoip/threading.h:110:8: warning: private field 'maxPriority' is not used [-Wunused-private-field]
C/C++:                 bool maxPriority=false;
C/C++:                      ^
C/C++: 1 warning generated.
C/C++: In file included from /home/runner/work/Nagram/Nagram/TMessagesProj/jni/voip/libtgvoip/os/android/AudioInputOpenSLES.cpp:11:
C/C++: In file included from /home/runner/work/Nagram/Nagram/TMessagesProj/jni/voip/libtgvoip/os/android/AudioInputOpenSLES.h:13:
C/C++: In file included from /home/runner/work/Nagram/Nagram/TMessagesProj/jni/voip/libtgvoip/os/android/../../audio/AudioInput.h:13:
C/C++: In file included from /home/runner/work/Nagram/Nagram/TMessagesProj/jni/voip/libtgvoip/os/android/../../audio/../MediaStreamItf.h:14:
C/C++: /home/runner/work/Nagram/Nagram/TMessagesProj/jni/voip/libtgvoip/threading.h:110:8: warning: private field 'maxPriority' is not used [-Wunused-private-field]
C/C++:                 bool maxPriority=false;
C/C++:                      ^
C/C++: 1 warning generated.
C/C++: In file included from /home/runner/work/Nagram/Nagram/TMessagesProj/jni/voip/libtgvoip/audio/AudioOutput.cpp:19:
C/C++: /home/runner/work/Nagram/Nagram/TMessagesProj/jni/voip/libtgvoip/audio/../os/android/AudioOutputAndroid.h:20:15: warning: 'Start' overrides a member function but is not marked 'override' [-Winconsistent-missing-override]
C/C++:         virtual void Start();
C/C++:                      ^
C/C++: /home/runner/work/Nagram/Nagram/TMessagesProj/jni/voip/libtgvoip/audio/../MediaStreamItf.h:24:15: note: overridden virtual function is here
C/C++:         virtual void Start()=0;
C/C++:                      ^
C/C++: In file included from /home/runner/work/Nagram/Nagram/TMessagesProj/jni/voip/libtgvoip/audio/AudioOutput.cpp:19:
C/C++: /home/runner/work/Nagram/Nagram/TMessagesProj/jni/voip/libtgvoip/audio/../os/android/AudioOutputAndroid.h:21:15: warning: 'Stop' overrides a member function but is not marked 'override' [-Winconsistent-missing-override]
C/C++:         virtual void Stop();
C/C++:                      ^
C/C++: /home/runner/work/Nagram/Nagram/TMessagesProj/jni/voip/libtgvoip/audio/../MediaStreamItf.h:25:15: note: overridden virtual function is here
C/C++:         virtual void Stop()=0;
C/C++:                      ^
C/C++: In file included from /home/runner/work/Nagram/Nagram/TMessagesProj/jni/voip/libtgvoip/audio/AudioOutput.cpp:7:
C/C++: In file included from /home/runner/work/Nagram/Nagram/TMessagesProj/jni/voip/libtgvoip/audio/../os/android/../../audio/AudioOutput.h:14:
C/C++: In file included from /home/runner/work/Nagram/Nagram/TMessagesProj/jni/voip/libtgvoip/audio/../MediaStreamItf.h:14:
C/C++: /home/runner/work/Nagram/Nagram/TMessagesProj/jni/voip/libtgvoip/threading.h:110:8: warning: private field 'maxPriority' is not used [-Wunused-private-field]
C/C++:                 bool maxPriority=false;
C/C++:                      ^
C/C++: 3 warnings generated.
C/C++: In file included from /home/runner/work/Nagram/Nagram/TMessagesProj/jni/voip/libtgvoip/OpusEncoder.cpp:7:
C/C++: In file included from /home/runner/work/Nagram/Nagram/TMessagesProj/jni/voip/libtgvoip/OpusEncoder.h:11:
C/C++: In file included from /home/runner/work/Nagram/Nagram/TMessagesProj/jni/voip/libtgvoip/MediaStreamItf.h:14:
C/C++: /home/runner/work/Nagram/Nagram/TMessagesProj/jni/voip/libtgvoip/threading.h:110:8: warning: private field 'maxPriority' is not used [-Wunused-private-field]
C/C++:                 bool maxPriority=false;
C/C++:                      ^
C/C++: 1 warning generated.
C/C++: In file included from /home/runner/work/Nagram/Nagram/TMessagesProj/jni/voip/libtgvoip/VoIPGroupController.cpp:7:
C/C++: In file included from /home/runner/work/Nagram/Nagram/TMessagesProj/jni/voip/libtgvoip/VoIPController.h:24:
C/C++: In file included from /home/runner/work/Nagram/Nagram/TMessagesProj/jni/voip/libtgvoip/video/VideoSource.h:12:
C/C++: In file included from /home/runner/work/Nagram/Nagram/TMessagesProj/jni/voip/libtgvoip/Buffers.h:19:
C/C++: /home/runner/work/Nagram/Nagram/TMessagesProj/jni/voip/libtgvoip/threading.h:110:8: warning: private field 'maxPriority' is not used [-Wunused-private-field]
C/C++:                 bool maxPriority=false;
C/C++:                      ^
C/C++: 1 warning generated.
C/C++: In file included from /home/runner/work/Nagram/Nagram/TMessagesProj/jni/voip/libtgvoip/EchoCanceller.cpp:12:
C/C++: In file included from /home/runner/work/Nagram/Nagram/TMessagesProj/jni/voip/libtgvoip/EchoCanceller.h:10:
C/C++: /home/runner/work/Nagram/Nagram/TMessagesProj/jni/voip/libtgvoip/threading.h:110:8: warning: private field 'maxPriority' is not used [-Wunused-private-field]
C/C++:                 bool maxPriority=false;
C/C++:                      ^
C/C++: 1 warning generated.
C/C++: In file included from /home/runner/work/Nagram/Nagram/TMessagesProj/jni/voip/libtgvoip/JitterBuffer.cpp:7:
C/C++: In file included from /home/runner/work/Nagram/Nagram/TMessagesProj/jni/voip/libtgvoip/VoIPController.h:24:
C/C++: In file included from /home/runner/work/Nagram/Nagram/TMessagesProj/jni/voip/libtgvoip/video/VideoSource.h:12:
C/C++: In file included from /home/runner/work/Nagram/Nagram/TMessagesProj/jni/voip/libtgvoip/Buffers.h:19:
C/C++: /home/runner/work/Nagram/Nagram/TMessagesProj/jni/voip/libtgvoip/threading.h:110:8: warning: private field 'maxPriority' is not used [-Wunused-private-field]
C/C++:                 bool maxPriority=false;
C/C++:                      ^
C/C++: 1 warning generated.
C/C++: In file included from /home/runner/work/Nagram/Nagram/TMessagesProj/jni/voip/libtgvoip/os/android/AudioOutputOpenSLES.cpp:10:
C/C++: In file included from /home/runner/work/Nagram/Nagram/TMessagesProj/jni/voip/libtgvoip/os/android/AudioOutputOpenSLES.h:13:
C/C++: In file included from /home/runner/work/Nagram/Nagram/TMessagesProj/jni/voip/libtgvoip/audio/AudioOutput.h:14:
C/C++: In file included from /home/runner/work/Nagram/Nagram/TMessagesProj/jni/voip/libtgvoip/MediaStreamItf.h:14:
C/C++: /home/runner/work/Nagram/Nagram/TMessagesProj/jni/voip/libtgvoip/os/android/../../threading.h:110:8: warning: private field 'maxPriority' is not used [-Wunused-private-field]
C/C++:                 bool maxPriority=false;
C/C++:                      ^
C/C++: 1 warning generated.
C/C++: In file included from /home/runner/work/Nagram/Nagram/TMessagesProj/jni/voip/libtgvoip/OpusDecoder.cpp:7:
C/C++: In file included from /home/runner/work/Nagram/Nagram/TMessagesProj/jni/voip/libtgvoip/OpusDecoder.h:11:
C/C++: In file included from /home/runner/work/Nagram/Nagram/TMessagesProj/jni/voip/libtgvoip/audio/../MediaStreamItf.h:14:
C/C++: /home/runner/work/Nagram/Nagram/TMessagesProj/jni/voip/libtgvoip/threading.h:110:8: warning: private field 'maxPriority' is not used [-Wunused-private-field]
C/C++:                 bool maxPriority=false;
C/C++:                      ^
C/C++: 1 warning generated.
C/C++: In file included from /home/runner/work/Nagram/Nagram/TMessagesProj/jni/voip/libtgvoip/CongestionControl.cpp:7:
C/C++: In file included from /home/runner/work/Nagram/Nagram/TMessagesProj/jni/voip/libtgvoip/CongestionControl.h:12:
C/C++: /home/runner/work/Nagram/Nagram/TMessagesProj/jni/voip/libtgvoip/threading.h:110:8: warning: private field 'maxPriority' is not used [-Wunused-private-field]
C/C++:                 bool maxPriority=false;
C/C++:                      ^
C/C++: 1 warning generated.
C/C++: In file included from /home/runner/work/Nagram/Nagram/TMessagesProj/jni/voip/libtgvoip/os/android/AudioOutputAndroid.cpp:7:
C/C++: /home/runner/work/Nagram/Nagram/TMessagesProj/jni/voip/libtgvoip/os/android/AudioOutputAndroid.h:20:15: warning: 'Start' overrides a member function but is not marked 'override' [-Winconsistent-missing-override]
C/C++:         virtual void Start();
C/C++:                      ^
C/C++: /home/runner/work/Nagram/Nagram/TMessagesProj/jni/voip/libtgvoip/os/android/../../audio/../MediaStreamItf.h:24:15: note: overridden virtual function is here
C/C++:         virtual void Start()=0;
C/C++:                      ^
C/C++: In file included from /home/runner/work/Nagram/Nagram/TMessagesProj/jni/voip/libtgvoip/os/android/AudioOutputAndroid.cpp:7:
C/C++: /home/runner/work/Nagram/Nagram/TMessagesProj/jni/voip/libtgvoip/os/android/AudioOutputAndroid.h:21:15: warning: 'Stop' overrides a member function but is not marked 'override' [-Winconsistent-missing-override]
C/C++:         virtual void Stop();
C/C++:                      ^
C/C++: /home/runner/work/Nagram/Nagram/TMessagesProj/jni/voip/libtgvoip/os/android/../../audio/../MediaStreamItf.h:25:15: note: overridden virtual function is here
C/C++:         virtual void Stop()=0;
C/C++:                      ^
C/C++: In file included from /home/runner/work/Nagram/Nagram/TMessagesProj/jni/voip/libtgvoip/os/android/AudioOutputAndroid.cpp:7:
C/C++: In file included from /home/runner/work/Nagram/Nagram/TMessagesProj/jni/voip/libtgvoip/os/android/AudioOutputAndroid.h:11:
C/C++: In file included from /home/runner/work/Nagram/Nagram/TMessagesProj/jni/voip/libtgvoip/os/android/../../audio/AudioOutput.h:14:
C/C++: In file included from /home/runner/work/Nagram/Nagram/TMessagesProj/jni/voip/libtgvoip/os/android/../../audio/../MediaStreamItf.h:14:
C/C++: /home/runner/work/Nagram/Nagram/TMessagesProj/jni/voip/libtgvoip/threading.h:110:8: warning: private field 'maxPriority' is not used [-Wunused-private-field]
C/C++:                 bool maxPriority=false;
C/C++:                      ^
C/C++: 3 warnings generated.
C/C++: In file included from /home/runner/work/Nagram/Nagram/TMessagesProj/jni/voip/libtgvoip/os/android/AudioInputAndroid.cpp:7:
C/C++: In file included from /home/runner/work/Nagram/Nagram/TMessagesProj/jni/voip/libtgvoip/os/android/AudioInputAndroid.h:11:
C/C++: In file included from /home/runner/work/Nagram/Nagram/TMessagesProj/jni/voip/libtgvoip/os/android/../../audio/AudioInput.h:13:
C/C++: In file included from /home/runner/work/Nagram/Nagram/TMessagesProj/jni/voip/libtgvoip/os/android/../../audio/../MediaStreamItf.h:14:
C/C++: /home/runner/work/Nagram/Nagram/TMessagesProj/jni/voip/libtgvoip/os/android/../../threading.h:110:8: warning: private field 'maxPriority' is not used [-Wunused-private-field]
C/C++:                 bool maxPriority=false;
C/C++:                      ^
C/C++: 1 warning generated.
C/C++: In file included from /home/runner/work/Nagram/Nagram/TMessagesProj/jni/voip/libtgvoip/VoIPServerConfig.cpp:7:
C/C++: In file included from /home/runner/work/Nagram/Nagram/TMessagesProj/jni/voip/libtgvoip/VoIPServerConfig.h:13:
C/C++: /home/runner/work/Nagram/Nagram/TMessagesProj/jni/voip/libtgvoip/threading.h:110:8: warning: private field 'maxPriority' is not used [-Wunused-private-field]
C/C++:                 bool maxPriority=false;
C/C++:                      ^
C/C++: 1 warning generated.
C/C++: In file included from /home/runner/work/Nagram/Nagram/TMessagesProj/jni/voip/libtgvoip/PacketReassembler.cpp:5:
C/C++: In file included from /home/runner/work/Nagram/Nagram/TMessagesProj/jni/voip/libtgvoip/PacketReassembler.h:12:
C/C++: In file included from /home/runner/work/Nagram/Nagram/TMessagesProj/jni/voip/libtgvoip/Buffers.h:19:
C/C++: /home/runner/work/Nagram/Nagram/TMessagesProj/jni/voip/libtgvoip/threading.h:110:8: warning: private field 'maxPriority' is not used [-Wunused-private-field]
C/C++:                 bool maxPriority=false;
C/C++:                      ^
C/C++: 1 warning generated.
C/C++: In file included from /home/runner/work/Nagram/Nagram/TMessagesProj/jni/voip/libtgvoip/NetworkSocket.cpp:14:
C/C++: In file included from /home/runner/work/Nagram/Nagram/TMessagesProj/jni/voip/libtgvoip/os/posix/NetworkSocketPosix.h:11:
C/C++: In file included from /home/runner/work/Nagram/Nagram/TMessagesProj/jni/voip/libtgvoip/Buffers.h:19:
C/C++: /home/runner/work/Nagram/Nagram/TMessagesProj/jni/voip/libtgvoip/threading.h:110:8: warning: private field 'maxPriority' is not used [-Wunused-private-field]
C/C++:                 bool maxPriority=false;
C/C++:                      ^
C/C++: 1 warning generated.
C/C++: In file included from /home/runner/work/Nagram/Nagram/TMessagesProj/jni/voip/libtgvoip/os/posix/NetworkSocketPosix.cpp:7:
C/C++: In file included from /home/runner/work/Nagram/Nagram/TMessagesProj/jni/voip/libtgvoip/os/posix/NetworkSocketPosix.h:11:
C/C++: In file included from /home/runner/work/Nagram/Nagram/TMessagesProj/jni/voip/libtgvoip/Buffers.h:19:
C/C++: /home/runner/work/Nagram/Nagram/TMessagesProj/jni/voip/libtgvoip/threading.h:110:8: warning: private field 'maxPriority' is not used [-Wunused-private-field]
C/C++:                 bool maxPriority=false;
C/C++:                      ^
C/C++: 1 warning generated.
C/C++: In file included from /home/runner/work/Nagram/Nagram/TMessagesProj/jni/voip/libtgvoip/audio/AudioIO.cpp:19:
C/C++: /home/runner/work/Nagram/Nagram/TMessagesProj/jni/voip/libtgvoip/audio/../os/android/AudioOutputAndroid.h:20:15: warning: 'Start' overrides a member function but is not marked 'override' [-Winconsistent-missing-override]
C/C++:         virtual void Start();
C/C++:                      ^
C/C++: /home/runner/work/Nagram/Nagram/TMessagesProj/jni/voip/libtgvoip/audio/../MediaStreamItf.h:24:15: note: overridden virtual function is here
C/C++:         virtual void Start()=0;
C/C++:                      ^
C/C++: In file included from /home/runner/work/Nagram/Nagram/TMessagesProj/jni/voip/libtgvoip/audio/AudioIO.cpp:19:
C/C++: /home/runner/work/Nagram/Nagram/TMessagesProj/jni/voip/libtgvoip/audio/../os/android/AudioOutputAndroid.h:21:15: warning: 'Stop' overrides a member function but is not marked 'override' [-Winconsistent-missing-override]
C/C++:         virtual void Stop();
C/C++:                      ^
C/C++: /home/runner/work/Nagram/Nagram/TMessagesProj/jni/voip/libtgvoip/audio/../MediaStreamItf.h:25:15: note: overridden virtual function is here
C/C++:         virtual void Stop()=0;
C/C++:                      ^
C/C++: In file included from /home/runner/work/Nagram/Nagram/TMessagesProj/jni/voip/libtgvoip/audio/AudioIO.cpp:8:
C/C++: In file included from /home/runner/work/Nagram/Nagram/TMessagesProj/jni/voip/libtgvoip/audio/AudioIO.h:11:
C/C++: In file included from /home/runner/work/Nagram/Nagram/TMessagesProj/jni/voip/libtgvoip/audio/../os/android/../../audio/AudioInput.h:13:
C/C++: In file included from /home/runner/work/Nagram/Nagram/TMessagesProj/jni/voip/libtgvoip/audio/../MediaStreamItf.h:14:
C/C++: /home/runner/work/Nagram/Nagram/TMessagesProj/jni/voip/libtgvoip/audio/../os/android/../../threading.h:110:8: warning: private field 'maxPriority' is not used [-Wunused-private-field]
C/C++:                 bool maxPriority=false;
C/C++:                      ^
C/C++: 3 warnings generated.
C/C++: In file included from /home/runner/work/Nagram/Nagram/TMessagesProj/jni/voip/libtgvoip/MessageThread.cpp:15:
C/C++: In file included from /home/runner/work/Nagram/Nagram/TMessagesProj/jni/voip/libtgvoip/MessageThread.h:8:
C/C++: /home/runner/work/Nagram/Nagram/TMessagesProj/jni/voip/libtgvoip/threading.h:110:8: warning: private field 'maxPriority' is not used [-Wunused-private-field]
C/C++:                 bool maxPriority=false;
C/C++:                      ^
C/C++: 1 warning generated.
C/C++: In file included from /home/runner/work/Nagram/Nagram/TMessagesProj/jni/voip/libtgvoip/video/VideoRenderer.cpp:5:
C/C++: In file included from /home/runner/work/Nagram/Nagram/TMessagesProj/jni/voip/libtgvoip/video/../os/android/../../video/VideoRenderer.h:9:
C/C++: In file included from /home/runner/work/Nagram/Nagram/TMessagesProj/jni/voip/libtgvoip/video/../Buffers.h:19:
C/C++: /home/runner/work/Nagram/Nagram/TMessagesProj/jni/voip/libtgvoip/threading.h:110:8: warning: private field 'maxPriority' is not used [-Wunused-private-field]
C/C++:                 bool maxPriority=false;
C/C++:                      ^
C/C++: 1 warning generated.
C/C++: In file included from /home/runner/work/Nagram/Nagram/TMessagesProj/jni/voip/libtgvoip/video/VideoSource.cpp:5:
C/C++: In file included from /home/runner/work/Nagram/Nagram/TMessagesProj/jni/voip/libtgvoip/video/../os/android/../../video/VideoSource.h:12:
C/C++: In file included from /home/runner/work/Nagram/Nagram/TMessagesProj/jni/voip/libtgvoip/video/../os/android/../../Buffers.h:19:
C/C++: /home/runner/work/Nagram/Nagram/TMessagesProj/jni/voip/libtgvoip/threading.h:110:8: warning: private field 'maxPriority' is not used [-Wunused-private-field]
C/C++:                 bool maxPriority=false;
C/C++:                      ^
C/C++: 1 warning generated.
C/C++: /home/runner/work/Nagram/Nagram/TMessagesProj/jni/voip/libtgvoip/video/ScreamCongestionController.cpp:23:29: warning: unused variable 'BETA_ECN' [-Wunused-const-variable]
C/C++:         /*static*/ constexpr float BETA_ECN=0.9f;
C/C++:                                    ^
C/C++: In file included from /home/runner/work/Nagram/Nagram/TMessagesProj/jni/voip/libtgvoip/video/ScreamCongestionController.cpp:7:
C/C++: In file included from /home/runner/work/Nagram/Nagram/TMessagesProj/jni/voip/libtgvoip/video/ScreamCongestionController.h:8:
C/C++: In file included from /home/runner/work/Nagram/Nagram/TMessagesProj/jni/voip/libtgvoip/Buffers.h:19:
C/C++: /home/runner/work/Nagram/Nagram/TMessagesProj/jni/voip/libtgvoip/threading.h:110:8: warning: private field 'maxPriority' is not used [-Wunused-private-field]
C/C++:                 bool maxPriority=false;
C/C++:                      ^
C/C++: 2 warnings generated.
C/C++: /home/runner/work/Nagram/Nagram/TMessagesProj/jni/voip/libtgvoip/os/android/VideoRendererAndroid.cpp:87:19: warning: moving a temporary object prevents copy elision [-Wpessimizing-move]
C/C++:                 Request request=std::move(queue.GetBlocking());
C/C++:                                 ^
C/C++: /home/runner/work/Nagram/Nagram/TMessagesProj/jni/voip/libtgvoip/os/android/VideoRendererAndroid.cpp:87:19: note: remove std::move call here
C/C++:                 Request request=std::move(queue.GetBlocking());
C/C++:                                 ^~~~~~~~~~                   ~
C/C++: In file included from /home/runner/work/Nagram/Nagram/TMessagesProj/jni/voip/libtgvoip/os/android/VideoRendererAndroid.cpp:5:
C/C++: In file included from /home/runner/work/Nagram/Nagram/TMessagesProj/jni/voip/libtgvoip/os/android/VideoRendererAndroid.h:8:
C/C++: In file included from /home/runner/work/Nagram/Nagram/TMessagesProj/jni/voip/libtgvoip/os/android/../../video/VideoRenderer.h:9:
C/C++: In file included from /home/runner/work/Nagram/Nagram/TMessagesProj/jni/voip/libtgvoip/os/android/../../Buffers.h:19:
C/C++: /home/runner/work/Nagram/Nagram/TMessagesProj/jni/voip/libtgvoip/threading.h:110:8: warning: private field 'maxPriority' is not used [-Wunused-private-field]
C/C++:                 bool maxPriority=false;
C/C++:                      ^
C/C++: 2 warnings generated.
C/C++: In file included from /home/runner/work/Nagram/Nagram/TMessagesProj/jni/voip/libtgvoip/os/android/VideoSourceAndroid.cpp:5:
C/C++: In file included from /home/runner/work/Nagram/Nagram/TMessagesProj/jni/voip/libtgvoip/os/android/VideoSourceAndroid.h:8:
C/C++: In file included from /home/runner/work/Nagram/Nagram/TMessagesProj/jni/voip/libtgvoip/os/android/../../video/VideoSource.h:12:
C/C++: In file included from /home/runner/work/Nagram/Nagram/TMessagesProj/jni/voip/libtgvoip/os/android/../../Buffers.h:19:
C/C++: /home/runner/work/Nagram/Nagram/TMessagesProj/jni/voip/libtgvoip/threading.h:110:8: warning: private field 'maxPriority' is not used [-Wunused-private-field]
C/C++:                 bool maxPriority=false;
C/C++:                      ^
C/C++: 1 warning generated.
C/C++: In file included from /home/runner/work/Nagram/Nagram/TMessagesProj/jni/voip/tg_voip_jni.cpp:17:
C/C++: /home/runner/work/Nagram/Nagram/TMessagesProj/jni/voip/libtgvoip/os/android/AudioOutputAndroid.h:20:15: warning: 'Start' overrides a member function but is not marked 'override' [-Winconsistent-missing-override]
C/C++:         virtual void Start();
C/C++:                      ^
C/C++: /home/runner/work/Nagram/Nagram/TMessagesProj/jni/voip/libtgvoip/MediaStreamItf.h:24:15: note: overridden virtual function is here
C/C++:         virtual void Start()=0;
C/C++:                      ^
C/C++: In file included from /home/runner/work/Nagram/Nagram/TMessagesProj/jni/voip/tg_voip_jni.cpp:17:
C/C++: /home/runner/work/Nagram/Nagram/TMessagesProj/jni/voip/libtgvoip/os/android/AudioOutputAndroid.h:21:15: warning: 'Stop' overrides a member function but is not marked 'override' [-Winconsistent-missing-override]
C/C++:         virtual void Stop();
C/C++:                      ^
C/C++: /home/runner/work/Nagram/Nagram/TMessagesProj/jni/voip/libtgvoip/MediaStreamItf.h:25:15: note: overridden virtual function is here
C/C++:         virtual void Stop()=0;
C/C++:                      ^
C/C++: In file included from /home/runner/work/Nagram/Nagram/TMessagesProj/jni/voip/tg_voip_jni.cpp:22:
C/C++: /home/runner/work/Nagram/Nagram/TMessagesProj/jni/voip/../c_utils.h:9:9: warning: 'LOGI' macro redefined [-Wmacro-redefined]
C/C++: #define LOGI(...) __android_log_print(ANDROID_LOG_INFO, LOG_TAG, __VA_ARGS__)
C/C++:         ^
C/C++: /home/runner/work/Nagram/Nagram/TMessagesProj/jni/voip/libtgvoip/logging.h:30:9: note: previous definition is here
C/C++: #define LOGI(...) {__android_log_print(ANDROID_LOG_INFO, TAG, _LOG_WRAP(__VA_ARGS__)); tgvoip_log_file_printf('I', __VA_ARGS__);}
C/C++:         ^
C/C++: In file included from /home/runner/work/Nagram/Nagram/TMessagesProj/jni/voip/tg_voip_jni.cpp:22:
C/C++: /home/runner/work/Nagram/Nagram/TMessagesProj/jni/voip/../c_utils.h:10:9: warning: 'LOGD' macro redefined [-Wmacro-redefined]
C/C++: #define LOGD(...) __android_log_print(ANDROID_LOG_DEBUG, LOG_TAG, __VA_ARGS__)
C/C++:         ^
C/C++: /home/runner/work/Nagram/Nagram/TMessagesProj/jni/voip/libtgvoip/logging.h:29:9: note: previous definition is here
C/C++: #define LOGD(...) {__android_log_print(ANDROID_LOG_DEBUG, TAG, _LOG_WRAP(__VA_ARGS__)); tgvoip_log_file_printf('D', __VA_ARGS__);}
C/C++:         ^
C/C++: In file included from /home/runner/work/Nagram/Nagram/TMessagesProj/jni/voip/tg_voip_jni.cpp:22:
C/C++: /home/runner/work/Nagram/Nagram/TMessagesProj/jni/voip/../c_utils.h:11:9: warning: 'LOGE' macro redefined [-Wmacro-redefined]
C/C++: #define LOGE(...) __android_log_print(ANDROID_LOG_ERROR, LOG_TAG, __VA_ARGS__)
C/C++:         ^
C/C++: /home/runner/work/Nagram/Nagram/TMessagesProj/jni/voip/libtgvoip/logging.h:32:9: note: previous definition is here
C/C++: #define LOGE(...) {__android_log_print(ANDROID_LOG_ERROR, TAG, _LOG_WRAP(__VA_ARGS__)); tgvoip_log_file_printf('E', __VA_ARGS__);}
C/C++:         ^
C/C++: In file included from /home/runner/work/Nagram/Nagram/TMessagesProj/jni/voip/tg_voip_jni.cpp:22:
C/C++: /home/runner/work/Nagram/Nagram/TMessagesProj/jni/voip/../c_utils.h:12:9: warning: 'LOGV' macro redefined [-Wmacro-redefined]
C/C++: #define LOGV(...) __android_log_print(ANDROID_LOG_VERBOSE, LOG_TAG, __VA_ARGS__)
C/C++:         ^
C/C++: /home/runner/work/Nagram/Nagram/TMessagesProj/jni/voip/libtgvoip/logging.h:28:9: note: previous definition is here
C/C++: #define LOGV(...) {__android_log_print(ANDROID_LOG_VERBOSE, TAG, _LOG_WRAP(__VA_ARGS__)); tgvoip_log_file_printf('V', __VA_ARGS__);}
C/C++:         ^
C/C++: In file included from /home/runner/work/Nagram/Nagram/TMessagesProj/jni/voip/tg_voip_jni.cpp:12:
C/C++: In file included from /home/runner/work/Nagram/Nagram/TMessagesProj/jni/voip/libtgvoip/VoIPServerConfig.h:13:
C/C++: /home/runner/work/Nagram/Nagram/TMessagesProj/jni/voip/libtgvoip/os/android/../../threading.h:110:8: warning: private field 'maxPriority' is not used [-Wunused-private-field]
C/C++:                 bool maxPriority=false;
C/C++:                      ^
C/C++: 7 warnings generated.
C/C++: In file included from /home/runner/work/Nagram/Nagram/TMessagesProj/jni/voip/libtgvoip/VoIPController.cpp:14:
C/C++: In file included from /home/runner/work/Nagram/Nagram/TMessagesProj/jni/voip/libtgvoip/VoIPController.h:24:
C/C++: In file included from /home/runner/work/Nagram/Nagram/TMessagesProj/jni/voip/libtgvoip/video/VideoSource.h:12:
C/C++: In file included from /home/runner/work/Nagram/Nagram/TMessagesProj/jni/voip/libtgvoip/os/android/../../Buffers.h:19:
C/C++: /home/runner/work/Nagram/Nagram/TMessagesProj/jni/voip/libtgvoip/os/android/../../threading.h:110:8: warning: private field 'maxPriority' is not used [-Wunused-private-field]
C/C++:                 bool maxPriority=false;
C/C++:                      ^
C/C++: 1 warning generated.
C/C++: In file included from /home/runner/work/Nagram/Nagram/TMessagesProj/jni/voip/tgcalls/legacy/InstanceImplLegacy.cpp:1:
C/C++: In file included from /home/runner/work/Nagram/Nagram/TMessagesProj/jni/voip/tgcalls/legacy/InstanceImplLegacy.h:6:
C/C++: In file included from /home/runner/work/Nagram/Nagram/TMessagesProj/jni/voip/libtgvoip/VoIPController.h:24:
C/C++: In file included from /home/runner/work/Nagram/Nagram/TMessagesProj/jni/voip/libtgvoip/video/VideoSource.h:12:
C/C++: In file included from /home/runner/work/Nagram/Nagram/TMessagesProj/jni/voip/libtgvoip/Buffers.h:19:
C/C++: /home/runner/work/Nagram/Nagram/TMessagesProj/jni/voip/libtgvoip/threading.h:110:8: warning: private field 'maxPriority' is not used [-Wunused-private-field]
C/C++:                 bool maxPriority=false;
C/C++:                      ^
C/C++: 1 warning generated.
C/C++: /home/runner/work/Nagram/Nagram/TMessagesProj/jni/voip/tgcalls/VideoCaptureInterfaceImpl.cpp:168:1: warning: field '_platformContext' will be initialized after field '_impl' [-Wreorder]
C/C++: _platformContext(platformContext),
C/C++: ^
C/C++: 1 warning generated.
C/C++: /home/runner/work/Nagram/Nagram/TMessagesProj/jni/voip/tgcalls/v2/ikcp.cpp:40:15: warning: unused variable 'IKCP_ACK_FAST' [-Wunused-const-variable]
C/C++: const IUINT32 IKCP_ACK_FAST     = 3;
C/C++:               ^
C/C++: 1 warning generated.
C/C++: /home/runner/work/Nagram/Nagram/TMessagesProj/jni/voip/webrtc/modules/utility/source/jvm_android.cc:82:10: warning: unused variable 'ret' [-Wunused-variable]
C/C++:     jint ret = jvm->AttachCurrentThread(&env, nullptr);
C/C++:          ^
C/C++: /home/runner/work/Nagram/Nagram/TMessagesProj/jni/voip/webrtc/modules/utility/source/jvm_android.cc:78:11: warning: unused variable 'jni' [-Wunused-variable]
C/C++:   JNIEnv* jni = GetEnv(jvm);
C/C++:           ^
C/C++: 2 warnings generated.
C/C++: In file included from /home/runner/work/Nagram/Nagram/TMessagesProj/jni/voip/webrtc/call/call.cc:72:
C/C++: In file included from /home/runner/work/Nagram/Nagram/TMessagesProj/jni/voip/webrtc/video/video_receive_stream2.h:38:
C/C++: /home/runner/work/Nagram/Nagram/TMessagesProj/jni/voip/webrtc/video/rtp_video_stream_receiver2.h:393:7: warning: declaration does not declare anything [-Wmissing-declarations]
C/C++:       RTC_GUARDED_BY(packet_sequence_checker_);
C/C++:       ^
C/C++: /home/runner/work/Nagram/Nagram/TMessagesProj/jni/voip/webrtc/rtc_base/thread_annotations.h:31:27: note: expanded from macro 'RTC_GUARDED_BY'
C/C++: #define RTC_GUARDED_BY(x) RTC_THREAD_ANNOTATION_ATTRIBUTE__(guarded_by(x))
C/C++:                           ^
C/C++: /home/runner/work/Nagram/Nagram/TMessagesProj/jni/voip/webrtc/rtc_base/thread_annotations.h:23:46: note: expanded from macro 'RTC_THREAD_ANNOTATION_ATTRIBUTE__'
C/C++: #define RTC_THREAD_ANNOTATION_ATTRIBUTE__(x) __attribute__((x))
C/C++:                                              ^
C/C++: In file included from /home/runner/work/Nagram/Nagram/TMessagesProj/jni/voip/webrtc/call/call.cc:72:
C/C++: In file included from /home/runner/work/Nagram/Nagram/TMessagesProj/jni/voip/webrtc/video/video_receive_stream2.h:38:
C/C++: /home/runner/work/Nagram/Nagram/TMessagesProj/jni/voip/webrtc/video/rtp_video_stream_receiver2.h:393:7: warning: attribute guarded_by ignored, because it is not attached to a declaration [-Wignored-attributes]
C/C++: /home/runner/work/Nagram/Nagram/TMessagesProj/jni/voip/webrtc/rtc_base/thread_annotations.h:31:71: note: expanded from macro 'RTC_GUARDED_BY'
C/C++: #define RTC_GUARDED_BY(x) RTC_THREAD_ANNOTATION_ATTRIBUTE__(guarded_by(x))
C/C++:                                                                       ^
C/C++: 2 warnings generated.
C/C++: /home/runner/work/Nagram/Nagram/TMessagesProj/jni/voip/webrtc/video/video_source_sink_controller.cc:40:55: warning: format specifies type 'long' but the argument has type 'rtc::VideoSourceInterface<VideoFrame> *' [-Wformat]
C/C++:     DEBUG_D("$%d: SetSource(): new source as %ld", a, source_);
C/C++:                                              ~~~      ^~~~~~~
C/C++: /home/runner/work/Nagram/Nagram/TMessagesProj/jni/voip/webrtc/video/video_source_sink_controller.cc:67:60: warning: format specifies type 'long' but the argument has type 'rtc::VideoSourceInterface<VideoFrame> *' [-Wformat]
C/C++:     DEBUG_D("$%d: PushSourceSinkSettings(): 2 src=%ld", a, source_);
C/C++:                                                   ~~~      ^~~~~~~
C/C++: 2 warnings generated.
C/C++: In file included from /home/runner/work/Nagram/Nagram/TMessagesProj/jni/voip/webrtc/video/video_quality_observer2.cc:21:
C/C++: In file included from /home/runner/work/Nagram/Nagram/TMessagesProj/jni/voip/webrtc/video/video_receive_stream2.h:38:
C/C++: /home/runner/work/Nagram/Nagram/TMessagesProj/jni/voip/webrtc/video/rtp_video_stream_receiver2.h:393:7: warning: declaration does not declare anything [-Wmissing-declarations]
C/C++:       RTC_GUARDED_BY(packet_sequence_checker_);
C/C++:       ^
C/C++: /home/runner/work/Nagram/Nagram/TMessagesProj/jni/voip/webrtc/rtc_base/thread_annotations.h:31:27: note: expanded from macro 'RTC_GUARDED_BY'
C/C++: #define RTC_GUARDED_BY(x) RTC_THREAD_ANNOTATION_ATTRIBUTE__(guarded_by(x))
C/C++:                           ^
C/C++: /home/runner/work/Nagram/Nagram/TMessagesProj/jni/voip/webrtc/rtc_base/thread_annotations.h:23:46: note: expanded from macro 'RTC_THREAD_ANNOTATION_ATTRIBUTE__'
C/C++: #define RTC_THREAD_ANNOTATION_ATTRIBUTE__(x) __attribute__((x))
C/C++:                                              ^
C/C++: In file included from /home/runner/work/Nagram/Nagram/TMessagesProj/jni/voip/webrtc/video/video_quality_observer2.cc:21:
C/C++: In file included from /home/runner/work/Nagram/Nagram/TMessagesProj/jni/voip/webrtc/video/video_receive_stream2.h:38:
C/C++: /home/runner/work/Nagram/Nagram/TMessagesProj/jni/voip/webrtc/video/rtp_video_stream_receiver2.h:393:7: warning: attribute guarded_by ignored, because it is not attached to a declaration [-Wignored-attributes]
C/C++: /home/runner/work/Nagram/Nagram/TMessagesProj/jni/voip/webrtc/rtc_base/thread_annotations.h:31:71: note: expanded from macro 'RTC_GUARDED_BY'
C/C++: #define RTC_GUARDED_BY(x) RTC_THREAD_ANNOTATION_ATTRIBUTE__(guarded_by(x))
C/C++:                                                                       ^
C/C++: 2 warnings generated.
C/C++: In file included from /home/runner/work/Nagram/Nagram/TMessagesProj/jni/voip/webrtc/video/receive_statistics_proxy.cc:25:
C/C++: In file included from /home/runner/work/Nagram/Nagram/TMessagesProj/jni/voip/webrtc/video/video_receive_stream2.h:38:
C/C++: /home/runner/work/Nagram/Nagram/TMessagesProj/jni/voip/webrtc/video/rtp_video_stream_receiver2.h:393:7: warning: declaration does not declare anything [-Wmissing-declarations]
C/C++:       RTC_GUARDED_BY(packet_sequence_checker_);
C/C++:       ^
C/C++: /home/runner/work/Nagram/Nagram/TMessagesProj/jni/voip/webrtc/rtc_base/thread_annotations.h:31:27: note: expanded from macro 'RTC_GUARDED_BY'
C/C++: #define RTC_GUARDED_BY(x) RTC_THREAD_ANNOTATION_ATTRIBUTE__(guarded_by(x))
C/C++:                           ^
C/C++: /home/runner/work/Nagram/Nagram/TMessagesProj/jni/voip/webrtc/rtc_base/thread_annotations.h:23:46: note: expanded from macro 'RTC_THREAD_ANNOTATION_ATTRIBUTE__'
C/C++: #define RTC_THREAD_ANNOTATION_ATTRIBUTE__(x) __attribute__((x))
C/C++:                                              ^
C/C++: In file included from /home/runner/work/Nagram/Nagram/TMessagesProj/jni/voip/webrtc/video/receive_statistics_proxy.cc:25:
C/C++: In file included from /home/runner/work/Nagram/Nagram/TMessagesProj/jni/voip/webrtc/video/video_receive_stream2.h:38:
C/C++: /home/runner/work/Nagram/Nagram/TMessagesProj/jni/voip/webrtc/video/rtp_video_stream_receiver2.h:393:7: warning: attribute guarded_by ignored, because it is not attached to a declaration [-Wignored-attributes]
C/C++: /home/runner/work/Nagram/Nagram/TMessagesProj/jni/voip/webrtc/rtc_base/thread_annotations.h:31:71: note: expanded from macro 'RTC_GUARDED_BY'
C/C++: #define RTC_GUARDED_BY(x) RTC_THREAD_ANNOTATION_ATTRIBUTE__(guarded_by(x))
C/C++:                                                                       ^
C/C++: 2 warnings generated.
C/C++: In file included from /home/runner/work/Nagram/Nagram/TMessagesProj/jni/voip/webrtc/video/video_receive_stream2.cc:11:
C/C++: In file included from /home/runner/work/Nagram/Nagram/TMessagesProj/jni/voip/webrtc/video/video_receive_stream2.h:38:
C/C++: /home/runner/work/Nagram/Nagram/TMessagesProj/jni/voip/webrtc/video/rtp_video_stream_receiver2.h:393:7: warning: declaration does not declare anything [-Wmissing-declarations]
C/C++:       RTC_GUARDED_BY(packet_sequence_checker_);
C/C++:       ^
C/C++: /home/runner/work/Nagram/Nagram/TMessagesProj/jni/voip/webrtc/rtc_base/thread_annotations.h:31:27: note: expanded from macro 'RTC_GUARDED_BY'
C/C++: #define RTC_GUARDED_BY(x) RTC_THREAD_ANNOTATION_ATTRIBUTE__(guarded_by(x))
C/C++:                           ^
C/C++: /home/runner/work/Nagram/Nagram/TMessagesProj/jni/voip/webrtc/rtc_base/thread_annotations.h:23:46: note: expanded from macro 'RTC_THREAD_ANNOTATION_ATTRIBUTE__'
C/C++: #define RTC_THREAD_ANNOTATION_ATTRIBUTE__(x) __attribute__((x))
C/C++:                                              ^
C/C++: In file included from /home/runner/work/Nagram/Nagram/TMessagesProj/jni/voip/webrtc/video/video_receive_stream2.cc:11:
C/C++: In file included from /home/runner/work/Nagram/Nagram/TMessagesProj/jni/voip/webrtc/video/video_receive_stream2.h:38:
C/C++: /home/runner/work/Nagram/Nagram/TMessagesProj/jni/voip/webrtc/video/rtp_video_stream_receiver2.h:393:7: warning: attribute guarded_by ignored, because it is not attached to a declaration [-Wignored-attributes]
C/C++: /home/runner/work/Nagram/Nagram/TMessagesProj/jni/voip/webrtc/rtc_base/thread_annotations.h:31:71: note: expanded from macro 'RTC_GUARDED_BY'
C/C++: #define RTC_GUARDED_BY(x) RTC_THREAD_ANNOTATION_ATTRIBUTE__(guarded_by(x))
C/C++:                                                                       ^
C/C++: 2 warnings generated.
C/C++: In file included from /home/runner/work/Nagram/Nagram/TMessagesProj/jni/voip/webrtc/video/rtp_video_stream_receiver2.cc:11:
C/C++: /home/runner/work/Nagram/Nagram/TMessagesProj/jni/voip/webrtc/video/rtp_video_stream_receiver2.h:393:7: warning: declaration does not declare anything [-Wmissing-declarations]
C/C++:       RTC_GUARDED_BY(packet_sequence_checker_);
C/C++:       ^
C/C++: /home/runner/work/Nagram/Nagram/TMessagesProj/jni/voip/webrtc/rtc_base/thread_annotations.h:31:27: note: expanded from macro 'RTC_GUARDED_BY'
C/C++: #define RTC_GUARDED_BY(x) RTC_THREAD_ANNOTATION_ATTRIBUTE__(guarded_by(x))
C/C++:                           ^
C/C++: /home/runner/work/Nagram/Nagram/TMessagesProj/jni/voip/webrtc/rtc_base/thread_annotations.h:23:46: note: expanded from macro 'RTC_THREAD_ANNOTATION_ATTRIBUTE__'
C/C++: #define RTC_THREAD_ANNOTATION_ATTRIBUTE__(x) __attribute__((x))
C/C++:                                              ^
C/C++: In file included from /home/runner/work/Nagram/Nagram/TMessagesProj/jni/voip/webrtc/video/rtp_video_stream_receiver2.cc:11:
C/C++: /home/runner/work/Nagram/Nagram/TMessagesProj/jni/voip/webrtc/video/rtp_video_stream_receiver2.h:393:7: warning: attribute guarded_by ignored, because it is not attached to a declaration [-Wignored-attributes]
C/C++: /home/runner/work/Nagram/Nagram/TMessagesProj/jni/voip/webrtc/rtc_base/thread_annotations.h:31:71: note: expanded from macro 'RTC_GUARDED_BY'
C/C++: #define RTC_GUARDED_BY(x) RTC_THREAD_ANNOTATION_ATTRIBUTE__(guarded_by(x))
C/C++:                                                                       ^
C/C++: 2 warnings generated.
C/C++: In file included from /home/runner/work/Nagram/Nagram/TMessagesProj/jni/image.cpp:12:
C/C++: In file included from /home/runner/work/Nagram/Nagram/TMessagesProj/jni/tgnet/FileLog.h:12:
C/C++: /home/runner/work/Nagram/Nagram/TMessagesProj/jni/tgnet/Defines.h:142:16: warning: 'ConnectiosManagerDelegate' has virtual functions but non-virtual destructor [-Wnon-virtual-dtor]
C/C++: typedef struct ConnectiosManagerDelegate {
C/C++:                ^
C/C++: /home/runner/work/Nagram/Nagram/TMessagesProj/jni/tgnet/Defines.h:161:16: warning: 'HandshakeDelegate' has virtual functions but non-virtual destructor [-Wnon-virtual-dtor]
C/C++: typedef struct HandshakeDelegate {
C/C++:                ^
C/C++: /home/runner/work/Nagram/Nagram/TMessagesProj/jni/image.cpp:983:95: warning: adding 'int' to a string does not append to the string [-Wstring-plus-int]
C/C++:         env->ThrowNew(jclass_RuntimeException, "AndroidBitmap_getInfo failed with a reason: " + reason);
C/C++:                                                ~~~~~~~~~~~~~~~~~~~~~~~~~~~~~~~~~~~~~~~~~~~~~~~^~~~~~~~
C/C++: /home/runner/work/Nagram/Nagram/TMessagesProj/jni/image.cpp:983:95: note: use array indexing to silence this warning
C/C++:         env->ThrowNew(jclass_RuntimeException, "AndroidBitmap_getInfo failed with a reason: " + reason);
C/C++:                                                                                               ^
C/C++:                                                &                                              [       ]
C/C++: /home/runner/work/Nagram/Nagram/TMessagesProj/jni/image.cpp:993:98: warning: adding 'int' to a string does not append to the string [-Wstring-plus-int]
C/C++:         env->ThrowNew(jclass_RuntimeException, "AndroidBitmap_lockPixels failed with a reason: " + reason);
C/C++:                                                ~~~~~~~~~~~~~~~~~~~~~~~~~~~~~~~~~~~~~~~~~~~~~~~~~~^~~~~~~~
C/C++: /home/runner/work/Nagram/Nagram/TMessagesProj/jni/image.cpp:993:98: note: use array indexing to silence this warning
C/C++:         env->ThrowNew(jclass_RuntimeException, "AndroidBitmap_lockPixels failed with a reason: " + reason);
C/C++:                                                                                                  ^
C/C++:                                                &                                                 [       ]
C/C++: /home/runner/work/Nagram/Nagram/TMessagesProj/jni/image.cpp:1075:100: warning: adding 'int' to a string does not append to the string [-Wstring-plus-int]
C/C++:         env->ThrowNew(jclass_RuntimeException, "AndroidBitmap_unlockPixels failed with a reason: " + reason);
C/C++:                                                ~~~~~~~~~~~~~~~~~~~~~~~~~~~~~~~~~~~~~~~~~~~~~~~~~~~~^~~~~~~~
C/C++: /home/runner/work/Nagram/Nagram/TMessagesProj/jni/image.cpp:1075:100: note: use array indexing to silence this warning
C/C++:         env->ThrowNew(jclass_RuntimeException, "AndroidBitmap_unlockPixels failed with a reason: " + reason);
C/C++:                                                                                                    ^
C/C++:                                                &                                                   [       ]
C/C++: /home/runner/work/Nagram/Nagram/TMessagesProj/jni/image.cpp:1187:38: warning: 'gatherPositions' has C-linkage specified, but returns incomplete type 'std::vector<std::pair<float, float> >' which could be incompatible with C [-Wreturn-type-c-linkage]
C/C++: std::vector<std::pair<float, float>> gatherPositions(std::vector<std::pair<float, float>> list, int phase) {
C/C++:                                      ^
C/C++: 6 warnings generated.
C/C++: In file included from /home/runner/work/Nagram/Nagram/TMessagesProj/jni/lottie.cpp:12:
C/C++: In file included from /home/runner/work/Nagram/Nagram/TMessagesProj/jni/tgnet/FileLog.h:12:
C/C++: /home/runner/work/Nagram/Nagram/TMessagesProj/jni/tgnet/Defines.h:142:16: warning: 'ConnectiosManagerDelegate' has virtual functions but non-virtual destructor [-Wnon-virtual-dtor]
C/C++: typedef struct ConnectiosManagerDelegate {
C/C++:                ^
C/C++: /home/runner/work/Nagram/Nagram/TMessagesProj/jni/tgnet/Defines.h:161:16: warning: 'HandshakeDelegate' has virtual functions but non-virtual destructor [-Wnon-virtual-dtor]
C/C++: typedef struct HandshakeDelegate {
C/C++:                ^
C/C++: /home/runner/work/Nagram/Nagram/TMessagesProj/jni/lottie.cpp:19:1: warning: typedef requires a name [-Wmissing-declarations]
C/C++: typedef struct LottieInfo {
C/C++: ^~~~~~~
C/C++: 3 warnings generated.
C/C++: /home/runner/work/Nagram/Nagram/TMessagesProj/jni/exoplayer/ffmpeg_jni.cc:22:9: warning: '__STDC_CONSTANT_MACROS' macro redefined [-Wmacro-redefined]
C/C++: #define __STDC_CONSTANT_MACROS
C/C++:         ^
C/C++: /home/runner/work/Nagram/Nagram/TMessagesProj/.cxx/RelWithDebInfo/6l161g38/armeabi-v7a/<command line>:64:9: note: previous definition is here
C/C++: #define __STDC_CONSTANT_MACROS 1
C/C++:         ^
C/C++: /home/runner/work/Nagram/Nagram/TMessagesProj/jni/exoplayer/ffmpeg_jni.cc:151:3: warning: 'av_init_packet' is deprecated [-Wdeprecated-declarations]
C/C++:   av_init_packet(&packet);
C/C++:   ^
C/C++: /home/runner/work/Nagram/Nagram/TMessagesProj/jni/ffmpeg/build/armeabi-v7a/include/libavcodec/packet.h:487:1: note: 'av_init_packet' has been explicitly marked deprecated here
C/C++: attribute_deprecated
C/C++: ^
C/C++: /home/runner/work/Nagram/Nagram/TMessagesProj/jni/ffmpeg/build/armeabi-v7a/include/libavutil/attributes.h:100:49: note: expanded from macro 'attribute_deprecated'
C/C++: #    define attribute_deprecated __attribute__((deprecated))
C/C++:                                                 ^
C/C++: /home/runner/work/Nagram/Nagram/TMessagesProj/jni/exoplayer/ffmpeg_jni.cc:341:9: warning: unused variable 'inSampleSize' [-Wunused-variable]
C/C++:     int inSampleSize = av_get_bytes_per_sample(sampleFormat);
C/C++:         ^
C/C++: 3 warnings generated.
C/C++: In file included from /home/runner/work/Nagram/Nagram/TMessagesProj/jni/gifvideo.cpp:11:
C/C++: In file included from /home/runner/work/Nagram/Nagram/TMessagesProj/jni/tgnet/FileLog.h:12:
C/C++: /home/runner/work/Nagram/Nagram/TMessagesProj/jni/tgnet/Defines.h:142:16: warning: 'ConnectiosManagerDelegate' has virtual functions but non-virtual destructor [-Wnon-virtual-dtor]
C/C++: typedef struct ConnectiosManagerDelegate {
C/C++:                ^
C/C++: /home/runner/work/Nagram/Nagram/TMessagesProj/jni/tgnet/Defines.h:161:16: warning: 'HandshakeDelegate' has virtual functions but non-virtual destructor [-Wnon-virtual-dtor]
C/C++: typedef struct HandshakeDelegate {
C/C++:                ^
C/C++: /home/runner/work/Nagram/Nagram/TMessagesProj/jni/gifvideo.cpp:47:1: warning: typedef requires a name [-Wmissing-declarations]
C/C++: typedef struct VideoInfo {
C/C++: ^~~~~~~
C/C++: /home/runner/work/Nagram/Nagram/TMessagesProj/jni/gifvideo.cpp:148:10: warning: format string is not a string literal (potentially insecure) [-Wformat-security]
C/C++:     LOGE(line);
C/C++:          ^~~~
C/C++: /home/runner/work/Nagram/Nagram/TMessagesProj/jni/c_utils.h:11:67: note: expanded from macro 'LOGE'
C/C++: #define LOGE(...) __android_log_print(ANDROID_LOG_ERROR, LOG_TAG, __VA_ARGS__)
C/C++:                                                                   ^~~~~~~~~~~
C/C++: /home/runner/work/Nagram/Nagram/TMessagesProj/jni/gifvideo.cpp:148:10: note: treat the string as an argument to avoid this
C/C++:     LOGE(line);
C/C++:          ^
C/C++:          "%s", 
C/C++: /home/runner/work/Nagram/Nagram/TMessagesProj/jni/c_utils.h:11:67: note: expanded from macro 'LOGE'
C/C++: #define LOGE(...) __android_log_print(ANDROID_LOG_ERROR, LOG_TAG, __VA_ARGS__)
C/C++:                                                                   ^
C/C++: /home/runner/work/Nagram/Nagram/TMessagesProj/jni/gifvideo.cpp:157:37: warning: format specifies type 'int' but the argument has type 'const enum AVPixelFormat *' [-Wformat]
C/C++:         LOGE("available format %d", p);
C/C++:                                ~~   ^
C/C++: /home/runner/work/Nagram/Nagram/TMessagesProj/jni/c_utils.h:11:67: note: expanded from macro 'LOGE'
C/C++: #define LOGE(...) __android_log_print(ANDROID_LOG_ERROR, LOG_TAG, __VA_ARGS__)
C/C++:                                                                   ^~~~~~~~~~~
C/C++: /home/runner/work/Nagram/Nagram/TMessagesProj/jni/gifvideo.cpp:520:5: warning: 'av_init_packet' is deprecated [-Wdeprecated-declarations]
C/C++:     av_init_packet(&info->pkt);
C/C++:     ^
C/C++: /home/runner/work/Nagram/Nagram/TMessagesProj/jni/ffmpeg/build/armeabi-v7a/include/libavcodec/packet.h:487:1: note: 'av_init_packet' has been explicitly marked deprecated here
C/C++: attribute_deprecated
C/C++: ^
C/C++: /home/runner/work/Nagram/Nagram/TMessagesProj/jni/ffmpeg/build/armeabi-v7a/include/libavutil/attributes.h:100:49: note: expanded from macro 'attribute_deprecated'
C/C++: #    define attribute_deprecated __attribute__((deprecated))
C/C++:                                                 ^
C/C++: /home/runner/work/Nagram/Nagram/TMessagesProj/jni/gifvideo.cpp:555:43: warning: 'codec' is deprecated [-Wdeprecated-declarations]
C/C++:                 int ticks = video_stream->codec->ticks_per_frame;
C/C++:                                           ^
C/C++: /home/runner/work/Nagram/Nagram/TMessagesProj/jni/ffmpeg/build/armeabi-v7a/include/libavformat/avformat.h:887:5: note: 'codec' has been explicitly marked deprecated here
C/C++:     attribute_deprecated
C/C++:     ^
C/C++: /home/runner/work/Nagram/Nagram/TMessagesProj/jni/ffmpeg/build/armeabi-v7a/include/libavutil/attributes.h:100:49: note: expanded from macro 'attribute_deprecated'
C/C++: #    define attribute_deprecated __attribute__((deprecated))
C/C++:                                                 ^
C/C++: /home/runner/work/Nagram/Nagram/TMessagesProj/jni/gifvideo.cpp:570:13: warning: comparison between NULL and non-pointer ('jlong' (aka 'long long') and NULL) [-Wnull-arithmetic]
C/C++:     if (ptr == NULL) {
C/C++:         ~~~ ^  ~~~~
C/C++: /home/runner/work/Nagram/Nagram/TMessagesProj/jni/gifvideo.cpp:570:16: warning: implicit conversion of NULL constant to 'long long' [-Wnull-conversion]
C/C++:     if (ptr == NULL) {
C/C++:             ~~ ^~~~
C/C++:                0
C/C++: /home/runner/work/Nagram/Nagram/TMessagesProj/jni/gifvideo.cpp:595:13: warning: comparison between NULL and non-pointer ('jlong' (aka 'long long') and NULL) [-Wnull-arithmetic]
C/C++:     if (ptr == NULL) {
C/C++:         ~~~ ^  ~~~~
C/C++: /home/runner/work/Nagram/Nagram/TMessagesProj/jni/gifvideo.cpp:595:16: warning: implicit conversion of NULL constant to 'long long' [-Wnull-conversion]
C/C++:     if (ptr == NULL) {
C/C++:             ~~ ^~~~
C/C++:                0
C/C++: /home/runner/work/Nagram/Nagram/TMessagesProj/jni/gifvideo.cpp:603:13: warning: comparison between NULL and non-pointer ('jlong' (aka 'long long') and NULL) [-Wnull-arithmetic]
C/C++:     if (ptr == NULL) {
C/C++:         ~~~ ^  ~~~~
C/C++: /home/runner/work/Nagram/Nagram/TMessagesProj/jni/gifvideo.cpp:603:16: warning: implicit conversion of NULL constant to 'long long' [-Wnull-conversion]
C/C++:     if (ptr == NULL) {
C/C++:             ~~ ^~~~
C/C++:                0
C/C++: /home/runner/work/Nagram/Nagram/TMessagesProj/jni/gifvideo.cpp:617:13: warning: comparison between NULL and non-pointer ('jlong' (aka 'long long') and NULL) [-Wnull-arithmetic]
C/C++:     if (ptr == NULL) {
C/C++:         ~~~ ^  ~~~~
C/C++: /home/runner/work/Nagram/Nagram/TMessagesProj/jni/gifvideo.cpp:617:16: warning: implicit conversion of NULL constant to 'long long' [-Wnull-conversion]
C/C++:     if (ptr == NULL) {
C/C++:             ~~ ^~~~
C/C++:                0
C/C++: In file included from /home/runner/work/Nagram/Nagram/TMessagesProj/jni/gifvideo.cpp:18:
C/C++: In file included from /home/runner/work/Nagram/Nagram/TMessagesProj/jni/ffmpeg/build/armeabi-v7a/include/libavformat/avformat.h:312:
C/C++: In file included from /home/runner/work/Nagram/Nagram/TMessagesProj/jni/ffmpeg/build/armeabi-v7a/include/libavcodec/avcodec.h:44:
C/C++: In file included from /home/runner/work/Nagram/Nagram/TMessagesProj/jni/ffmpeg/build/armeabi-v7a/include/libavcodec/bsf.h:30:
C/C++: /home/runner/work/Nagram/Nagram/TMessagesProj/jni/ffmpeg/build/armeabi-v7a/include/libavcodec/packet.h:346:16: warning: 'convergence_duration' is deprecated [-Wdeprecated-declarations]
C/C++: typedef struct AVPacket {
C/C++:                ^
C/C++: /home/runner/work/Nagram/Nagram/TMessagesProj/jni/gifvideo.cpp:639:36: note: in implicit copy assignment operator for 'AVPacket' first required here
C/C++:                     info->orig_pkt = info->pkt;
C/C++:                                    ^
C/C++: /home/runner/work/Nagram/Nagram/TMessagesProj/jni/ffmpeg/build/armeabi-v7a/include/libavcodec/packet.h:397:5: note: 'convergence_duration' has been explicitly marked deprecated here
C/C++:     attribute_deprecated
C/C++:     ^
C/C++: /home/runner/work/Nagram/Nagram/TMessagesProj/jni/ffmpeg/build/armeabi-v7a/include/libavutil/attributes.h:100:49: note: expanded from macro 'attribute_deprecated'
C/C++: #    define attribute_deprecated __attribute__((deprecated))
C/C++:                                                 ^
C/C++: In file included from /home/runner/work/Nagram/Nagram/TMessagesProj/jni/gifvideo.cpp:18:
C/C++: In file included from /home/runner/work/Nagram/Nagram/TMessagesProj/jni/ffmpeg/build/armeabi-v7a/include/libavformat/avformat.h:312:
C/C++: In file included from /home/runner/work/Nagram/Nagram/TMessagesProj/jni/ffmpeg/build/armeabi-v7a/include/libavcodec/avcodec.h:44:
C/C++: In file included from /home/runner/work/Nagram/Nagram/TMessagesProj/jni/ffmpeg/build/armeabi-v7a/include/libavcodec/bsf.h:30:
C/C++: /home/runner/work/Nagram/Nagram/TMessagesProj/jni/ffmpeg/build/armeabi-v7a/include/libavcodec/packet.h:346:16: warning: 'convergence_duration' is deprecated [-Wdeprecated-declarations]
C/C++: typedef struct AVPacket {
C/C++:                ^
C/C++: /home/runner/work/Nagram/Nagram/TMessagesProj/jni/ffmpeg/build/armeabi-v7a/include/libavcodec/packet.h:397:5: note: 'convergence_duration' has been explicitly marked deprecated here
C/C++:     attribute_deprecated
C/C++:     ^
C/C++: /home/runner/work/Nagram/Nagram/TMessagesProj/jni/ffmpeg/build/armeabi-v7a/include/libavutil/attributes.h:100:49: note: expanded from macro 'attribute_deprecated'
C/C++: #    define attribute_deprecated __attribute__((deprecated))
C/C++:                                                 ^
C/C++: /home/runner/work/Nagram/Nagram/TMessagesProj/jni/gifvideo.cpp:760:13: warning: comparison between NULL and non-pointer ('jlong' (aka 'long long') and NULL) [-Wnull-arithmetic]
C/C++:     if (ptr == NULL || bitmap == nullptr || data == nullptr) {
C/C++:         ~~~ ^  ~~~~
C/C++: /home/runner/work/Nagram/Nagram/TMessagesProj/jni/gifvideo.cpp:760:16: warning: implicit conversion of NULL constant to 'long long' [-Wnull-conversion]
C/C++:     if (ptr == NULL || bitmap == nullptr || data == nullptr) {
C/C++:             ~~ ^~~~
C/C++:                0
C/C++: /home/runner/work/Nagram/Nagram/TMessagesProj/jni/gifvideo.cpp:860:13: warning: comparison between NULL and non-pointer ('jlong' (aka 'long long') and NULL) [-Wnull-arithmetic]
C/C++:     if (ptr == NULL) {
C/C++:         ~~~ ^  ~~~~
C/C++: /home/runner/work/Nagram/Nagram/TMessagesProj/jni/gifvideo.cpp:860:16: warning: implicit conversion of NULL constant to 'long long' [-Wnull-conversion]
C/C++:     if (ptr == NULL) {
C/C++:             ~~ ^~~~
C/C++:                0
C/C++: In file included from /home/runner/work/Nagram/Nagram/TMessagesProj/jni/gifvideo.cpp:21:
C/C++: /home/runner/work/Nagram/Nagram/TMessagesProj/jni/ffmpeg/build/armeabi-v7a/include/libavcodec/get_bits.h:70:28: warning: function 'show_bits' has internal linkage but is not defined [-Wundefined-internal]
C/C++: static inline unsigned int show_bits(GetBitContext *s, int n);
C/C++:                            ^
C/C++: /home/runner/work/Nagram/Nagram/TMessagesProj/jni/ffmpeg/build/armeabi-v7a/include/libavcodec/get_bits.h:666:16: note: used here
C/C++:         return show_bits(s, n);
C/C++:                ^
C/C++: /home/runner/work/Nagram/Nagram/TMessagesProj/jni/gifvideo.cpp:151:27: warning: unused function 'get_format' [-Wunused-function]
C/C++: static enum AVPixelFormat get_format(AVCodecContext *ctx,
C/C++:                           ^
C/C++: 23 warnings generated.
C/C++: In file included from /home/runner/work/Nagram/Nagram/TMessagesProj/jni/TgNetWrapper.cpp:2:
C/C++: In file included from /home/runner/work/Nagram/Nagram/TMessagesProj/jni/tgnet/ApiScheme.h:14:
C/C++: In file included from /home/runner/work/Nagram/Nagram/TMessagesProj/jni/tgnet/TLObject.h:13:
C/C++: /home/runner/work/Nagram/Nagram/TMessagesProj/jni/tgnet/Defines.h:142:16: warning: 'ConnectiosManagerDelegate' has virtual functions but non-virtual destructor [-Wnon-virtual-dtor]
C/C++: typedef struct ConnectiosManagerDelegate {
C/C++:                ^
C/C++: /home/runner/work/Nagram/Nagram/TMessagesProj/jni/tgnet/Defines.h:161:16: warning: 'HandshakeDelegate' has virtual functions but non-virtual destructor [-Wnon-virtual-dtor]
C/C++: typedef struct HandshakeDelegate {
C/C++:                ^
C/C++: /home/runner/work/Nagram/Nagram/TMessagesProj/jni/TgNetWrapper.cpp:355:7: warning: 'Delegate' has virtual functions but non-virtual destructor [-Wnon-virtual-dtor]
C/C++: class Delegate : public ConnectiosManagerDelegate {
C/C++:       ^
C/C++: 3 warnings generated.
C/C++: /home/runner/work/Nagram/Nagram/TMessagesProj/jni/voip/org_telegram_messenger_voip_Instance.cpp:321:88: warning: adding 'jint' (aka 'int') to a string does not append to the string [-Wstring-plus-int]
C/C++:             throwNewJavaIllegalArgumentException(env, "Unknown data saving constant: " + dataSaving);
C/C++:                                                       ~~~~~~~~~~~~~~~~~~~~~~~~~~~~~~~~~^~~~~~~~~~~~
C/C++: /home/runner/work/Nagram/Nagram/TMessagesProj/jni/voip/org_telegram_messenger_voip_Instance.cpp:321:88: note: use array indexing to silence this warning
C/C++:             throwNewJavaIllegalArgumentException(env, "Unknown data saving constant: " + dataSaving);
C/C++:                                                                                        ^
C/C++:                                                       &                                [           ]
C/C++: /home/runner/work/Nagram/Nagram/TMessagesProj/jni/voip/org_telegram_messenger_voip_Instance.cpp:1273:39: warning: format specifies type 'int' but the argument has type 'jlong' (aka 'long long') [-Wformat]
C/C++:     DEBUG_D("setConferenceCallId %d", call_id);
C/C++:                                  ~~   ^~~~~~~
C/C++:                                  %lld
C/C++: In file included from /home/runner/work/Nagram/Nagram/TMessagesProj/jni/voip/org_telegram_messenger_voip_Instance.cpp:20:
C/C++: In file included from /home/runner/work/Nagram/Nagram/TMessagesProj/jni/voip/tgcalls/legacy/InstanceImplLegacy.h:6:
C/C++: In file included from /home/runner/work/Nagram/Nagram/TMessagesProj/jni/voip/libtgvoip/VoIPController.h:24:
C/C++: In file included from /home/runner/work/Nagram/Nagram/TMessagesProj/jni/voip/libtgvoip/video/VideoSource.h:12:
C/C++: In file included from /home/runner/work/Nagram/Nagram/TMessagesProj/jni/voip/libtgvoip/os/android/../../Buffers.h:19:
C/C++: /home/runner/work/Nagram/Nagram/TMessagesProj/jni/voip/libtgvoip/threading.h:110:8: warning: private field 'maxPriority' is not used [-Wunused-private-field]
C/C++:                 bool maxPriority=false;
C/C++:                      ^
C/C++: 3 warnings generated.

> Task :TMessagesProj:mergeReleaseJniLibFolders

> Task :TMessagesProj:mergeReleaseNativeLibs
WARNING: [Processor] Library '/home/runner/.gradle/caches/modules-2/files-2.1/com.google.android.gms/play-services-cast-framework/21.4.0/c48f09b1c439b395ce46bc0d1c187913819f8c7f/play-services-cast-framework-21.4.0.aar' contains references to both AndroidX and old support library. This seems like the library is partially migrated. Jetifier will try to rewrite the library anyway.
 Example of androidX reference: 'androidx/core/app/TaskStackBuilder'
 Example of support library reference: 'android/support/v4/media/session/MediaSessionCompat$Token'

> Task :TMessagesProj:mergeReleaseNativeLibs FAILED

7 actionable tasks: 7 executed
FAILURE: Build failed with an exception.

* What went wrong:
Execution failed for task ':TMessagesProj:mergeReleaseNativeLibs'.
> Could not resolve all files for configuration ':TMessagesProj:releaseRuntimeClasspath'.
   > Failed to transform sing-box.aar to match attributes {artifactType=android-jni, org.gradle.category=library}.
      > Execution failed for JetifyTransform: /home/runner/work/Nagram/Nagram/TMessagesProj/libs/sing-box.aar.
         > Transform's input file does not exist: /home/runner/work/Nagram/Nagram/TMessagesProj/libs/sing-box.aar. (See https://issuetracker.google.com/issues/158753935)

* Try:
> Run with --stacktrace option to get the stack trace.
> Run with --info or --debug option to get more log output.
> Run with --scan to get full insights.
> Get more help at https://help.gradle.org.

BUILD FAILED in 11m 28s
Error: Process completed with exit code 1.